2021-01-24 09:18:59,450 - INFO - Send_dm.py - __main__ - main - ドライバー起動開始
2021-01-24 09:19:02,732 - INFO - Send_dm.py - __main__ - main - ドライバー起動成功
2021-01-24 09:19:05,564 - INFO - Send_dm.py - __main__ - login - ログインページの表示成功
2021-01-24 09:19:05,564 - INFO - Send_dm.py - __main__ - login - ログイン処理開始
2021-01-24 09:19:09,794 - INFO - Send_dm.py - __main__ - main - ログイン成功
2021-01-24 09:19:09,832 - INFO - Send_dm.py - __main__ - main - 1個目のURLの送信設定ファイルの読み込み
2021-01-24 09:19:09,860 - INFO - Send_dm.py - __main__ - main - ***********************************************************************************************************************
2021-01-24 09:19:09,877 - INFO - Send_dm.py - __main__ - main - 指定URL： https://www.lancers.jp/client_directory/all/industry/2138
2021-01-24 09:19:09,878 - INFO - Send_dm.py - __main__ - main - 指定送信件数：1
2021-01-24 09:19:09,879 - INFO - Send_dm.py - __main__ - main - 指定送信メッセージ：はじめまして、〇〇と申します。\n突然のDM失礼いたします。
2021-01-24 09:19:09,880 - INFO - Send_dm.py - __main__ - main - 所定文言：
2021-01-24 09:19:09,880 - INFO - Send_dm.py - __main__ - main - ***********************************************************************************************************************
2021-01-24 09:19:14,107 - INFO - Send_dm.py - __main__ - main - クライアントへのDM送信処理開始：1ページ目
2021-01-24 09:19:14,484 - INFO - Send_dm.py - __main__ - main - クライアント名：EMP編集部 (Spaspa)への送信処理開始
2021-01-24 09:19:15,477 - INFO - Send_dm.py - __main__ - main - プロフィールページを開く
2021-01-24 09:19:24,146 - INFO - Send_dm.py - __main__ - main - DM送信成功
2021-01-24 09:19:26,151 - INFO - Send_dm.py - __main__ - main - クライアント名：前田芳宏 (kabi2020)への送信処理開始
2021-01-24 09:19:28,344 - INFO - Send_dm.py - __main__ - main - 指定件数に達しています。
2021-01-24 09:19:28,344 - INFO - Send_dm.py - __main__ - main - 送信したクライアント名をCSVへ書き込む
2021-01-24 09:19:28,363 - INFO - Send_dm.py - __main__ - main - 書き込み成功
2021-01-24 09:19:28,363 - INFO - Send_dm.py - __main__ - main - Send_Historyのインデックス番号を振りなおし開始
2021-01-24 09:19:28,385 - INFO - Send_dm.py - __main__ - main - インデックス番号を振りなおし成功
2021-01-24 09:19:28,386 - INFO - Send_dm.py - __main__ - main - 2個目のURLの送信設定ファイルの読み込み
2021-01-24 09:19:28,387 - INFO - Send_dm.py - __main__ - main - ***********************************************************************************************************************
2021-01-24 09:19:28,387 - INFO - Send_dm.py - __main__ - main - 指定URL： https://www.lancers.jp/client_directory/all/industry/2138
2021-01-24 09:19:28,387 - INFO - Send_dm.py - __main__ - main - 指定送信件数：1
2021-01-24 09:19:28,388 - INFO - Send_dm.py - __main__ - main - 指定送信メッセージ：はじめまして、\n〇〇と申します。突然のDM失礼いたします。
2021-01-24 09:19:28,388 - INFO - Send_dm.py - __main__ - main - 所定文言：
2021-01-24 09:19:28,388 - INFO - Send_dm.py - __main__ - main - ***********************************************************************************************************************
2021-01-24 09:19:31,678 - INFO - Send_dm.py - __main__ - main - クライアントへのDM送信処理開始：1ページ目
2021-01-24 09:19:32,071 - INFO - Send_dm.py - __main__ - main - クライアント名：EMP編集部 (Spaspa)への送信処理開始
2021-01-24 09:19:32,076 - INFO - Send_dm.py - __main__ - main - 送信済クライアントのためスキップ
2021-01-24 09:19:32,076 - INFO - Send_dm.py - __main__ - main - クライアント名：前田芳宏 (kabi2020)への送信処理開始
2021-01-24 09:19:34,637 - INFO - Send_dm.py - __main__ - main - プロフィールページを開く
2021-01-24 09:19:43,114 - INFO - Send_dm.py - __main__ - main - DM送信成功
2021-01-24 09:19:45,120 - INFO - Send_dm.py - __main__ - main - クライアント名：dom_2525 (dom_2525)への送信処理開始
2021-01-24 09:19:46,170 - INFO - Send_dm.py - __main__ - main - 指定件数に達しています。
2021-01-24 09:19:46,170 - INFO - Send_dm.py - __main__ - main - 送信したクライアント名をCSVへ書き込む
2021-01-24 09:19:46,174 - INFO - Send_dm.py - __main__ - main - 書き込み成功
2021-01-24 09:19:46,175 - INFO - Send_dm.py - __main__ - main - Send_Historyのインデックス番号を振りなおし開始
2021-01-24 09:19:46,184 - INFO - Send_dm.py - __main__ - main - インデックス番号を振りなおし成功
